build/app/intermediates/manifest_merge_blame_file/release/manifest-merger-blame-release-report.txt
1<?xml version="1.0" encoding="utf-8"?>
2<manifest xmlns:android="http://schemas.android.com/apk/res/android"
3    package="de.belitzo.driver"
4    android:versionCode="1"
5    android:versionName="1.0.0" >
6
7    <uses-sdk
8        android:minSdkVersion="21"
8-->src/main/AndroidManifest.xml
9        android:targetSdkVersion="33" />
9-->src/main/AndroidManifest.xml
10    <!--
11         io.flutter.app.FlutterApplication is an android.app.Application that
12         calls FlutterMain.startInitialization(this); in its onCreate method.
13         In most cases you can leave this as-is, but you if you want to provide
14         additional functionality it is fine to subclass or reimplement
15         FlutterApplication and put your custom class here.
16    -->
17    <uses-permission android:name="android.permission.INTERNET" />
17-->src/main/AndroidManifest.xml:9:5-66
17-->src/main/AndroidManifest.xml:9:22-64
18    <uses-permission android:name="android.permission.ACCESS_FINE_LOCATION" />
18-->src/main/AndroidManifest.xml:10:5-79
18-->src/main/AndroidManifest.xml:10:22-76
19    <uses-permission android:name="android.permission.ACCESS_COARSE_LOCATION" />
19-->src/main/AndroidManifest.xml:11:5-81
19-->src/main/AndroidManifest.xml:11:22-78
20    <uses-permission android:name="android.permission.FOREGROUND_SERVICE" />
20-->src/main/AndroidManifest.xml:12:5-77
20-->src/main/AndroidManifest.xml:12:22-74
21    <uses-permission android:name="android.permission.ACCESS_BACKGROUND_LOCATION" />
21-->src/main/AndroidManifest.xml:13:5-84
21-->src/main/AndroidManifest.xml:13:22-82
22    <uses-permission android:name="android.permission.CAMERA" />
22-->src/main/AndroidManifest.xml:14:5-65
22-->src/main/AndroidManifest.xml:14:22-62
23
24    <queries>
24-->src/main/AndroidManifest.xml:16:5-29:15
25        <intent>
25-->src/main/AndroidManifest.xml:17:9-20:18
26            <action android:name="android.intent.action.VIEW" />
26-->src/main/AndroidManifest.xml:18:13-65
26-->src/main/AndroidManifest.xml:18:21-62
27
28            <data android:scheme="https" />
28-->src/main/AndroidManifest.xml:19:13-44
28-->src/main/AndroidManifest.xml:19:19-41
29        </intent>
30        <intent>
30-->src/main/AndroidManifest.xml:21:9-24:18
31            <action android:name="android.intent.action.DIAL" />
31-->src/main/AndroidManifest.xml:22:13-65
31-->src/main/AndroidManifest.xml:22:21-62
32
33            <data android:scheme="tel" />
33-->src/main/AndroidManifest.xml:19:13-44
33-->src/main/AndroidManifest.xml:19:19-41
34        </intent>
35        <intent>
35-->src/main/AndroidManifest.xml:25:9-28:18
36            <action android:name="android.intent.action.SEND" />
36-->src/main/AndroidManifest.xml:26:13-65
36-->src/main/AndroidManifest.xml:26:21-62
37
38            <data android:mimeType="*/*" />
38-->src/main/AndroidManifest.xml:19:13-44
38-->src/main/AndroidManifest.xml:27:19-41
39        </intent>
40        <!-- Needs to be explicitly declared on Android R+ -->
41        <package android:name="com.google.android.apps.maps" />
41-->[com.google.android.gms:play-services-maps:18.1.0] AndroidManifest.xml:33:9-64
41-->[com.google.android.gms:play-services-maps:18.1.0] AndroidManifest.xml:33:18-61
42    </queries>
43
44    <uses-permission android:name="android.permission.WAKE_LOCK" />
44-->[:firebase_messaging] AndroidManifest.xml:10:5-68
44-->[:firebase_messaging] AndroidManifest.xml:10:22-65
45    <uses-permission android:name="android.permission.ACCESS_NETWORK_STATE" /> <!-- Permissions options for the `notification` group -->
45-->[:firebase_messaging] AndroidManifest.xml:11:5-79
45-->[:firebase_messaging] AndroidManifest.xml:11:22-76
46    <uses-permission android:name="android.permission.POST_NOTIFICATIONS" />
46-->[:firebase_messaging] AndroidManifest.xml:13:5-77
46-->[:firebase_messaging] AndroidManifest.xml:13:22-74
47    <uses-permission android:name="android.permission.RECEIVE_BOOT_COMPLETED" />
47-->[:flutter_local_notifications] AndroidManifest.xml:9:5-81
47-->[:flutter_local_notifications] AndroidManifest.xml:9:22-78
48    <uses-permission android:name="android.permission.VIBRATE" />
48-->[:flutter_local_notifications] AndroidManifest.xml:10:5-66
48-->[:flutter_local_notifications] AndroidManifest.xml:10:22-63
49    <uses-permission android:name="android.permission.USE_FULL_SCREEN_INTENT" />
49-->[:flutter_local_notifications] AndroidManifest.xml:11:5-81
49-->[:flutter_local_notifications] AndroidManifest.xml:11:22-78
50    <uses-permission android:name="android.permission.SCHEDULE_EXACT_ALARM" />
50-->[:flutter_local_notifications] AndroidManifest.xml:12:5-79
50-->[:flutter_local_notifications] AndroidManifest.xml:12:22-76
51    <uses-permission android:name="android.permission.REQUEST_IGNORE_BATTERY_OPTIMIZATIONS" />
51-->[:disable_battery_optimization] AndroidManifest.xml:9:5-95
51-->[:disable_battery_optimization] AndroidManifest.xml:9:22-92
52    <uses-permission android:name="oppo.permission.OPPO_COMPONENT_SAFE" />
52-->[:disable_battery_optimization] AndroidManifest.xml:10:5-75
52-->[:disable_battery_optimization] AndroidManifest.xml:10:22-72
53
54    <uses-feature
54-->[com.google.android.gms:play-services-maps:18.1.0] AndroidManifest.xml:26:5-28:35
55        android:glEsVersion="0x00020000"
55-->[com.google.android.gms:play-services-maps:18.1.0] AndroidManifest.xml:27:9-41
56        android:required="true" /> <!-- Required by older versions of Google Play services to create IID tokens -->
56-->[com.google.android.gms:play-services-maps:18.1.0] AndroidManifest.xml:28:9-32
57    <uses-permission android:name="com.google.android.c2dm.permission.RECEIVE" />
57-->[com.google.firebase:firebase-messaging:23.1.2] AndroidManifest.xml:28:5-82
57-->[com.google.firebase:firebase-messaging:23.1.2] AndroidManifest.xml:28:22-79
58
59    <permission
59-->[androidx.core:core:1.9.0] AndroidManifest.xml:22:5-24:47
60        android:name="de.belitzo.driver.DYNAMIC_RECEIVER_NOT_EXPORTED_PERMISSION"
60-->[androidx.core:core:1.9.0] AndroidManifest.xml:23:9-81
61        android:protectionLevel="signature" />
61-->[androidx.core:core:1.9.0] AndroidManifest.xml:24:9-44
62
63    <uses-permission android:name="de.belitzo.driver.DYNAMIC_RECEIVER_NOT_EXPORTED_PERMISSION" />
63-->[androidx.core:core:1.9.0] AndroidManifest.xml:26:5-97
63-->[androidx.core:core:1.9.0] AndroidManifest.xml:26:22-94
64
65    <application
65-->src/main/AndroidManifest.xml:31:5-86:19
66        android:appComponentFactory="androidx.core.app.CoreComponentFactory"
66-->[androidx.core:core:1.9.0] AndroidManifest.xml:28:18-86
67        android:icon="@mipmap/ic_launcher"
67-->src/main/AndroidManifest.xml:36:9-43
68        android:label="Belitzo Fahrer"
68-->src/main/AndroidManifest.xml:33:9-39
69        android:requestLegacyExternalStorage="true"
69-->src/main/AndroidManifest.xml:34:9-52
70        android:usesCleartextTraffic="true" >
70-->src/main/AndroidManifest.xml:35:9-44
71        <meta-data
71-->src/main/AndroidManifest.xml:37:9-38:70
72            android:name="com.google.android.geo.API_KEY"
72-->src/main/AndroidManifest.xml:37:20-65
73            android:value="AIzaSyCaCSJ0BZItSyXqBv8vpD1N4WBffJeKhLQ" />
73-->src/main/AndroidManifest.xml:38:13-68
74
75        <activity
75-->src/main/AndroidManifest.xml:40:9-76:20
76            android:name="de.belitzo.driver.MainActivity"
76-->src/main/AndroidManifest.xml:41:13-41
77            android:configChanges="orientation|keyboardHidden|keyboard|screenSize|smallestScreenSize|locale|layoutDirection|fontScale|screenLayout|density|uiMode"
77-->src/main/AndroidManifest.xml:44:13-163
78            android:exported="true"
78-->src/main/AndroidManifest.xml:46:13-36
79            android:hardwareAccelerated="true"
79-->src/main/AndroidManifest.xml:45:13-47
80            android:launchMode="singleTop"
80-->src/main/AndroidManifest.xml:42:13-43
81            android:theme="@style/LaunchTheme"
81-->src/main/AndroidManifest.xml:43:13-47
82            android:windowSoftInputMode="adjustResize" >
82-->src/main/AndroidManifest.xml:47:13-55
83
84            <!--
85                 Specifies an Android theme to apply to this Activity as soon as
86                 the Android process has started. This theme is visible to the user
87                 while the Flutter UI initializes. After that, this theme continues
88                 to determine the Window background behind the Flutter UI.
89            -->
90            <meta-data
90-->src/main/AndroidManifest.xml:52:13-55:17
91                android:name="io.flutter.embedding.android.NormalTheme"
91-->src/main/AndroidManifest.xml:53:15-70
92                android:resource="@style/NormalTheme" />
92-->src/main/AndroidManifest.xml:54:15-52
93            <!--
94                 Displays an Android View that continues showing the launch screen
95                 Drawable until Flutter paints its first frame, then this splash
96                 screen fades out. A splash screen is useful to avoid any visual
97                 gap between the end of Android's launch screen and the painting of
98                 Flutter's first frame.
99            -->
100            <meta-data
100-->src/main/AndroidManifest.xml:61:13-64:17
101                android:name="io.flutter.embedding.android.SplashScreenDrawable"
101-->src/main/AndroidManifest.xml:62:15-79
102                android:resource="@drawable/launch_background" />
102-->src/main/AndroidManifest.xml:63:15-61
103            <meta-data
103-->src/main/AndroidManifest.xml:65:13-67:45
104                android:name="com.google.firebase.messaging.default_notification_channel_id"
104-->src/main/AndroidManifest.xml:66:17-93
105                android:value="stackfood" />
105-->src/main/AndroidManifest.xml:67:17-42
106
107            <intent-filter>
107-->src/main/AndroidManifest.xml:68:13-71:29
108                <action android:name="android.intent.action.MAIN" />
108-->src/main/AndroidManifest.xml:69:17-68
108-->src/main/AndroidManifest.xml:69:25-66
109
110                <category android:name="android.intent.category.LAUNCHER" />
110-->src/main/AndroidManifest.xml:70:17-76
110-->src/main/AndroidManifest.xml:70:27-74
111            </intent-filter>
112            <intent-filter>
112-->src/main/AndroidManifest.xml:72:13-75:29
113                <action android:name="FLUTTER_NOTIFICATION_CLICK" />
113-->src/main/AndroidManifest.xml:73:17-69
113-->src/main/AndroidManifest.xml:73:25-66
114
115                <category android:name="android.intent.category.DEFAULT" />
115-->src/main/AndroidManifest.xml:74:17-76
115-->src/main/AndroidManifest.xml:74:27-73
116            </intent-filter>
117        </activity>
118        <!--
119             Don't delete the meta-data below.
120             This is used by the Flutter tool to generate GeneratedPluginRegistrant.java
121        -->
122        <service
122-->src/main/AndroidManifest.xml:79:9-82:40
123            android:name="de.belitzo.driver.BackgroundService"
123-->src/main/AndroidManifest.xml:80:13-63
124            android:enabled="true"
124-->src/main/AndroidManifest.xml:81:13-35
125            android:exported="false" />
125-->src/main/AndroidManifest.xml:82:13-37
126
127        <meta-data
127-->src/main/AndroidManifest.xml:83:9-85:33
128            android:name="flutterEmbedding"
128-->src/main/AndroidManifest.xml:84:13-44
129            android:value="2" />
129-->src/main/AndroidManifest.xml:85:13-30
130
131        <service
131-->[:firebase_messaging] AndroidManifest.xml:16:9-19:72
132            android:name="io.flutter.plugins.firebase.messaging.FlutterFirebaseMessagingBackgroundService"
132-->[:firebase_messaging] AndroidManifest.xml:17:13-107
133            android:exported="false"
133-->[:firebase_messaging] AndroidManifest.xml:18:13-37
134            android:permission="android.permission.BIND_JOB_SERVICE" />
134-->[:firebase_messaging] AndroidManifest.xml:19:13-69
135        <service
135-->[:firebase_messaging] AndroidManifest.xml:20:9-26:19
136            android:name="io.flutter.plugins.firebase.messaging.FlutterFirebaseMessagingService"
136-->[:firebase_messaging] AndroidManifest.xml:21:13-97
137            android:exported="false" >
137-->[:firebase_messaging] AndroidManifest.xml:22:13-37
138            <intent-filter>
138-->[:firebase_messaging] AndroidManifest.xml:23:13-25:29
139                <action android:name="com.google.firebase.MESSAGING_EVENT" />
139-->[:firebase_messaging] AndroidManifest.xml:24:17-78
139-->[:firebase_messaging] AndroidManifest.xml:24:25-75
140            </intent-filter>
141        </service>
142
143        <receiver
143-->[:firebase_messaging] AndroidManifest.xml:28:9-35:20
144            android:name="io.flutter.plugins.firebase.messaging.FlutterFirebaseMessagingReceiver"
144-->[:firebase_messaging] AndroidManifest.xml:29:13-98
145            android:exported="true"
145-->[:firebase_messaging] AndroidManifest.xml:30:13-36
146            android:permission="com.google.android.c2dm.permission.SEND" >
146-->[:firebase_messaging] AndroidManifest.xml:31:13-73
147            <intent-filter>
147-->[:firebase_messaging] AndroidManifest.xml:32:13-34:29
148                <action android:name="com.google.android.c2dm.intent.RECEIVE" />
148-->[:firebase_messaging] AndroidManifest.xml:33:17-81
148-->[:firebase_messaging] AndroidManifest.xml:33:25-78
149            </intent-filter>
150        </receiver>
151
152        <service
152-->[:firebase_messaging] AndroidManifest.xml:37:9-41:19
153            android:name="com.google.firebase.components.ComponentDiscoveryService"
153-->[:firebase_messaging] AndroidManifest.xml:37:18-89
154            android:directBootAware="true"
154-->[com.google.firebase:firebase-common:20.3.2] AndroidManifest.xml:34:13-43
155            android:exported="false" >
155-->[com.google.firebase:firebase-messaging:23.1.2] AndroidManifest.xml:54:13-37
156            <meta-data
156-->[:firebase_messaging] AndroidManifest.xml:38:13-40:85
157                android:name="com.google.firebase.components:io.flutter.plugins.firebase.messaging.FlutterFirebaseAppRegistrar"
157-->[:firebase_messaging] AndroidManifest.xml:39:17-128
158                android:value="com.google.firebase.components.ComponentRegistrar" />
158-->[:firebase_messaging] AndroidManifest.xml:40:17-82
159            <meta-data
159-->[:firebase_core] AndroidManifest.xml:11:13-13:85
160                android:name="com.google.firebase.components:io.flutter.plugins.firebase.core.FlutterFirebaseCoreRegistrar"
160-->[:firebase_core] AndroidManifest.xml:12:17-124
161                android:value="com.google.firebase.components.ComponentRegistrar" />
161-->[:firebase_core] AndroidManifest.xml:13:17-82
162            <meta-data
162-->[com.google.firebase:firebase-messaging:23.1.2] AndroidManifest.xml:55:13-57:85
163                android:name="com.google.firebase.components:com.google.firebase.messaging.FirebaseMessagingRegistrar"
163-->[com.google.firebase:firebase-messaging:23.1.2] AndroidManifest.xml:56:17-119
164                android:value="com.google.firebase.components.ComponentRegistrar" />
164-->[com.google.firebase:firebase-messaging:23.1.2] AndroidManifest.xml:57:17-82
165            <meta-data
165-->[com.google.firebase:firebase-iid:21.1.0] AndroidManifest.xml:32:13-34:85
166                android:name="com.google.firebase.components:com.google.firebase.iid.Registrar"
166-->[com.google.firebase:firebase-iid:21.1.0] AndroidManifest.xml:33:17-96
167                android:value="com.google.firebase.components.ComponentRegistrar" />
167-->[com.google.firebase:firebase-iid:21.1.0] AndroidManifest.xml:34:17-82
168            <meta-data
168-->[com.google.firebase:firebase-installations:17.1.3] AndroidManifest.xml:17:13-19:85
169                android:name="com.google.firebase.components:com.google.firebase.installations.FirebaseInstallationsRegistrar"
169-->[com.google.firebase:firebase-installations:17.1.3] AndroidManifest.xml:18:17-127
170                android:value="com.google.firebase.components.ComponentRegistrar" />
170-->[com.google.firebase:firebase-installations:17.1.3] AndroidManifest.xml:19:17-82
171            <meta-data
171-->[com.google.firebase:firebase-datatransport:18.1.7] AndroidManifest.xml:27:13-29:85
172                android:name="com.google.firebase.components:com.google.firebase.datatransport.TransportRegistrar"
172-->[com.google.firebase:firebase-datatransport:18.1.7] AndroidManifest.xml:28:17-115
173                android:value="com.google.firebase.components.ComponentRegistrar" />
173-->[com.google.firebase:firebase-datatransport:18.1.7] AndroidManifest.xml:29:17-82
174        </service>
175
176        <provider
176-->[:firebase_messaging] AndroidManifest.xml:43:9-47:38
177            android:name="io.flutter.plugins.firebase.messaging.FlutterFirebaseMessagingInitProvider"
177-->[:firebase_messaging] AndroidManifest.xml:44:13-102
178            android:authorities="de.belitzo.driver.flutterfirebasemessaginginitprovider"
178-->[:firebase_messaging] AndroidManifest.xml:45:13-88
179            android:exported="false"
179-->[:firebase_messaging] AndroidManifest.xml:46:13-37
180            android:initOrder="99" />
180-->[:firebase_messaging] AndroidManifest.xml:47:13-35
181
182        <service
182-->[:geolocator_android] AndroidManifest.xml:12:9-16:56
183            android:name="com.baseflow.geolocator.GeolocatorLocationService"
183-->[:geolocator_android] AndroidManifest.xml:13:13-77
184            android:enabled="true"
184-->[:geolocator_android] AndroidManifest.xml:14:13-35
185            android:exported="false"
185-->[:geolocator_android] AndroidManifest.xml:15:13-37
186            android:foregroundServiceType="location" />
186-->[:geolocator_android] AndroidManifest.xml:16:13-53
187
188        <provider
188-->[:image_picker_android] AndroidManifest.xml:10:9-18:20
189            android:name="io.flutter.plugins.imagepicker.ImagePickerFileProvider"
189-->[:image_picker_android] AndroidManifest.xml:11:13-82
190            android:authorities="de.belitzo.driver.flutter.image_provider"
190-->[:image_picker_android] AndroidManifest.xml:12:13-74
191            android:exported="false"
191-->[:image_picker_android] AndroidManifest.xml:13:13-37
192            android:grantUriPermissions="true" >
192-->[:image_picker_android] AndroidManifest.xml:14:13-47
193            <meta-data
193-->[:image_picker_android] AndroidManifest.xml:15:13-17:75
194                android:name="android.support.FILE_PROVIDER_PATHS"
194-->[:image_picker_android] AndroidManifest.xml:16:17-67
195                android:resource="@xml/flutter_image_picker_file_paths" />
195-->[:image_picker_android] AndroidManifest.xml:17:17-72
196        </provider>
197
198        <receiver
198-->[:flutter_local_notifications] AndroidManifest.xml:16:9-18:40
199            android:name="com.dexterous.flutterlocalnotifications.ActionBroadcastReceiver"
199-->[:flutter_local_notifications] AndroidManifest.xml:17:13-91
200            android:exported="false" />
200-->[:flutter_local_notifications] AndroidManifest.xml:18:13-37
201        <receiver
201-->[:flutter_local_notifications] AndroidManifest.xml:19:9-21:40
202            android:name="com.dexterous.flutterlocalnotifications.ScheduledNotificationReceiver"
202-->[:flutter_local_notifications] AndroidManifest.xml:20:13-97
203            android:exported="false" />
203-->[:flutter_local_notifications] AndroidManifest.xml:21:13-37
204        <receiver
204-->[:flutter_local_notifications] AndroidManifest.xml:22:9-31:20
205            android:name="com.dexterous.flutterlocalnotifications.ScheduledNotificationBootReceiver"
205-->[:flutter_local_notifications] AndroidManifest.xml:23:13-101
206            android:exported="false" >
206-->[:flutter_local_notifications] AndroidManifest.xml:24:13-37
207            <intent-filter>
207-->[:flutter_local_notifications] AndroidManifest.xml:25:13-30:29
208                <action android:name="android.intent.action.BOOT_COMPLETED" />
208-->[:flutter_local_notifications] AndroidManifest.xml:26:17-79
208-->[:flutter_local_notifications] AndroidManifest.xml:26:25-76
209                <action android:name="android.intent.action.MY_PACKAGE_REPLACED" />
209-->[:flutter_local_notifications] AndroidManifest.xml:27:17-84
209-->[:flutter_local_notifications] AndroidManifest.xml:27:25-81
210                <action android:name="android.intent.action.QUICKBOOT_POWERON" />
210-->[:flutter_local_notifications] AndroidManifest.xml:28:17-82
210-->[:flutter_local_notifications] AndroidManifest.xml:28:25-79
211                <action android:name="com.htc.intent.action.QUICKBOOT_POWERON" />
211-->[:flutter_local_notifications] AndroidManifest.xml:29:17-82
211-->[:flutter_local_notifications] AndroidManifest.xml:29:25-79
212            </intent-filter>
213        </receiver>
214
215        <activity
215-->[:url_launcher_android] AndroidManifest.xml:10:9-13:74
216            android:name="io.flutter.plugins.urllauncher.WebViewActivity"
216-->[:url_launcher_android] AndroidManifest.xml:11:13-74
217            android:exported="false"
217-->[:url_launcher_android] AndroidManifest.xml:12:13-37
218            android:theme="@android:style/Theme.NoTitleBar.Fullscreen" />
218-->[:url_launcher_android] AndroidManifest.xml:13:13-71
219        <activity android:name="de.mintware.barcode_scan.BarcodeScannerActivity" /> <!-- Needs to be explicitly declared on P+ -->
219-->[:barcode_scan2] AndroidManifest.xml:12:9-84
219-->[:barcode_scan2] AndroidManifest.xml:12:19-81
220        <uses-library
220-->[com.google.android.gms:play-services-maps:18.1.0] AndroidManifest.xml:39:9-41:40
221            android:name="org.apache.http.legacy"
221-->[com.google.android.gms:play-services-maps:18.1.0] AndroidManifest.xml:40:13-50
222            android:required="false" />
222-->[com.google.android.gms:play-services-maps:18.1.0] AndroidManifest.xml:41:13-37
223
224        <receiver
224-->[com.google.firebase:firebase-messaging:23.1.2] AndroidManifest.xml:31:9-38:20
225            android:name="com.google.firebase.iid.FirebaseInstanceIdReceiver"
225-->[com.google.firebase:firebase-messaging:23.1.2] AndroidManifest.xml:32:13-78
226            android:exported="true"
226-->[com.google.firebase:firebase-messaging:23.1.2] AndroidManifest.xml:33:13-36
227            android:permission="com.google.android.c2dm.permission.SEND" >
227-->[com.google.firebase:firebase-messaging:23.1.2] AndroidManifest.xml:34:13-73
228            <intent-filter>
228-->[:firebase_messaging] AndroidManifest.xml:32:13-34:29
229                <action android:name="com.google.android.c2dm.intent.RECEIVE" />
229-->[:firebase_messaging] AndroidManifest.xml:33:17-81
229-->[:firebase_messaging] AndroidManifest.xml:33:25-78
230            </intent-filter>
231        </receiver>
232        <!--
233             FirebaseMessagingService performs security checks at runtime,
234             but set to not exported to explicitly avoid allowing another app to call it.
235        -->
236        <service
236-->[com.google.firebase:firebase-messaging:23.1.2] AndroidManifest.xml:44:9-51:19
237            android:name="com.google.firebase.messaging.FirebaseMessagingService"
237-->[com.google.firebase:firebase-messaging:23.1.2] AndroidManifest.xml:45:13-82
238            android:directBootAware="true"
238-->[com.google.firebase:firebase-messaging:23.1.2] AndroidManifest.xml:46:13-43
239            android:exported="false" >
239-->[com.google.firebase:firebase-messaging:23.1.2] AndroidManifest.xml:47:13-37
240            <intent-filter android:priority="-500" >
240-->[:firebase_messaging] AndroidManifest.xml:23:13-25:29
241                <action android:name="com.google.firebase.MESSAGING_EVENT" />
241-->[:firebase_messaging] AndroidManifest.xml:24:17-78
241-->[:firebase_messaging] AndroidManifest.xml:24:25-75
242            </intent-filter>
243        </service>
244
245        <activity
245-->[com.google.android.gms:play-services-base:18.1.0] AndroidManifest.xml:20:9-22:45
246            android:name="com.google.android.gms.common.api.GoogleApiActivity"
246-->[com.google.android.gms:play-services-base:18.1.0] AndroidManifest.xml:20:19-85
247            android:exported="false"
247-->[com.google.android.gms:play-services-base:18.1.0] AndroidManifest.xml:22:19-43
248            android:theme="@android:style/Theme.Translucent.NoTitleBar" />
248-->[com.google.android.gms:play-services-base:18.1.0] AndroidManifest.xml:21:19-78
249
250        <provider
250-->[com.google.firebase:firebase-common:20.3.2] AndroidManifest.xml:25:9-30:39
251            android:name="com.google.firebase.provider.FirebaseInitProvider"
251-->[com.google.firebase:firebase-common:20.3.2] AndroidManifest.xml:26:13-77
252            android:authorities="de.belitzo.driver.firebaseinitprovider"
252-->[com.google.firebase:firebase-common:20.3.2] AndroidManifest.xml:27:13-72
253            android:directBootAware="true"
253-->[com.google.firebase:firebase-common:20.3.2] AndroidManifest.xml:28:13-43
254            android:exported="false"
254-->[com.google.firebase:firebase-common:20.3.2] AndroidManifest.xml:29:13-37
255            android:initOrder="100" />
255-->[com.google.firebase:firebase-common:20.3.2] AndroidManifest.xml:30:13-36
256
257        <meta-data
257-->[com.google.android.gms:play-services-basement:18.1.0] AndroidManifest.xml:21:9-23:69
258            android:name="com.google.android.gms.version"
258-->[com.google.android.gms:play-services-basement:18.1.0] AndroidManifest.xml:22:13-58
259            android:value="@integer/google_play_services_version" />
259-->[com.google.android.gms:play-services-basement:18.1.0] AndroidManifest.xml:23:13-66
260
261        <uses-library
261-->[androidx.window:window:1.0.0-beta04] AndroidManifest.xml:25:9-27:40
262            android:name="androidx.window.extensions"
262-->[androidx.window:window:1.0.0-beta04] AndroidManifest.xml:26:13-54
263            android:required="false" />
263-->[androidx.window:window:1.0.0-beta04] AndroidManifest.xml:27:13-37
264        <uses-library
264-->[androidx.window:window:1.0.0-beta04] AndroidManifest.xml:28:9-30:40
265            android:name="androidx.window.sidecar"
265-->[androidx.window:window:1.0.0-beta04] AndroidManifest.xml:29:13-51
266            android:required="false" />
266-->[androidx.window:window:1.0.0-beta04] AndroidManifest.xml:30:13-37
267
268        <provider
268-->[androidx.emoji2:emoji2:1.0.0] AndroidManifest.xml:26:9-34:20
269            android:name="androidx.startup.InitializationProvider"
269-->[androidx.emoji2:emoji2:1.0.0] AndroidManifest.xml:27:13-67
270            android:authorities="de.belitzo.driver.androidx-startup"
270-->[androidx.emoji2:emoji2:1.0.0] AndroidManifest.xml:28:13-68
271            android:exported="false" >
271-->[androidx.emoji2:emoji2:1.0.0] AndroidManifest.xml:29:13-37
272            <meta-data
272-->[androidx.emoji2:emoji2:1.0.0] AndroidManifest.xml:31:13-33:52
273                android:name="androidx.emoji2.text.EmojiCompatInitializer"
273-->[androidx.emoji2:emoji2:1.0.0] AndroidManifest.xml:32:17-75
274                android:value="androidx.startup" />
274-->[androidx.emoji2:emoji2:1.0.0] AndroidManifest.xml:33:17-49
275            <meta-data
275-->[androidx.lifecycle:lifecycle-process:2.4.0] AndroidManifest.xml:31:13-33:52
276                android:name="androidx.lifecycle.ProcessLifecycleInitializer"
276-->[androidx.lifecycle:lifecycle-process:2.4.0] AndroidManifest.xml:32:17-78
277                android:value="androidx.startup" />
277-->[androidx.lifecycle:lifecycle-process:2.4.0] AndroidManifest.xml:33:17-49
278        </provider>
279
280        <service
280-->[com.google.android.datatransport:transport-backend-cct:3.1.8] AndroidManifest.xml:28:9-34:19
281            android:name="com.google.android.datatransport.runtime.backends.TransportBackendDiscovery"
281-->[com.google.android.datatransport:transport-backend-cct:3.1.8] AndroidManifest.xml:29:13-103
282            android:exported="false" >
282-->[com.google.android.datatransport:transport-backend-cct:3.1.8] AndroidManifest.xml:30:13-37
283            <meta-data
283-->[com.google.android.datatransport:transport-backend-cct:3.1.8] AndroidManifest.xml:31:13-33:39
284                android:name="backend:com.google.android.datatransport.cct.CctBackendFactory"
284-->[com.google.android.datatransport:transport-backend-cct:3.1.8] AndroidManifest.xml:32:17-94
285                android:value="cct" />
285-->[com.google.android.datatransport:transport-backend-cct:3.1.8] AndroidManifest.xml:33:17-36
286        </service>
287        <service
287-->[com.google.android.datatransport:transport-runtime:3.1.8] AndroidManifest.xml:26:9-30:19
288            android:name="com.google.android.datatransport.runtime.scheduling.jobscheduling.JobInfoSchedulerService"
288-->[com.google.android.datatransport:transport-runtime:3.1.8] AndroidManifest.xml:27:13-117
289            android:exported="false"
289-->[com.google.android.datatransport:transport-runtime:3.1.8] AndroidManifest.xml:28:13-37
290            android:permission="android.permission.BIND_JOB_SERVICE" >
290-->[com.google.android.datatransport:transport-runtime:3.1.8] AndroidManifest.xml:29:13-69
291        </service>
292
293        <receiver
293-->[com.google.android.datatransport:transport-runtime:3.1.8] AndroidManifest.xml:32:9-34:40
294            android:name="com.google.android.datatransport.runtime.scheduling.jobscheduling.AlarmManagerSchedulerBroadcastReceiver"
294-->[com.google.android.datatransport:transport-runtime:3.1.8] AndroidManifest.xml:33:13-132
295            android:exported="false" />
295-->[com.google.android.datatransport:transport-runtime:3.1.8] AndroidManifest.xml:34:13-37
296    </application>
297
298</manifest>